[2026-06-30T07:18:15.797Z] ALERT: hash_mismatch (INFO)
  Package: http://attacker:8080/packages/benign.tgz
  Expected: deeaf0230de192d2a1c3e2e668f2935a6f63b86769ff490446b5c0448066950e, 5867b044bb0ff89ba3df28d409c7893208f5c948d79818f868697f04db87b17e
  Observed: 3cba5f3c0ba2a50da17d70a9102a3db3ce1db1799351117962f53ec8ee66c479

[2026-06-30T07:18:16.209Z] ALERT: hash_mismatch (INFO)
  Package: http://attacker:8080/packages/tampered.tgz
  Expected: deeaf0230de192d2a1c3e2e668f2935a6f63b86769ff490446b5c0448066950e, 5867b044bb0ff89ba3df28d409c7893208f5c948d79818f868697f04db87b17e
  Observed: 8bca3b447af10f653095cc20bff97256ca365136074271f3edc55b9264999bed

[2026-06-30T07:22:57.413Z] ALERT: hash_mismatch (INFO)
  Package: http://attacker:8080/packages/benign.tgz
  Expected: deeaf0230de192d2a1c3e2e668f2935a6f63b86769ff490446b5c0448066950e, 5867b044bb0ff89ba3df28d409c7893208f5c948d79818f868697f04db87b17e
  Observed: 3cba5f3c0ba2a50da17d70a9102a3db3ce1db1799351117962f53ec8ee66c479

[2026-06-30T07:22:57.835Z] ALERT: hash_mismatch (INFO)
  Package: http://attacker:8080/packages/tampered.tgz
  Expected: deeaf0230de192d2a1c3e2e668f2935a6f63b86769ff490446b5c0448066950e, 5867b044bb0ff89ba3df28d409c7893208f5c948d79818f868697f04db87b17e
  Observed: 8bca3b447af10f653095cc20bff97256ca365136074271f3edc55b9264999bed

[2026-06-30T07:25:01.540Z] ALERT: hash_mismatch (INFO)
  Package: http://attacker:8080/packages/benign.tgz
  Expected: deeaf0230de192d2a1c3e2e668f2935a6f63b86769ff490446b5c0448066950e, 5867b044bb0ff89ba3df28d409c7893208f5c948d79818f868697f04db87b17e
  Observed: 3cba5f3c0ba2a50da17d70a9102a3db3ce1db1799351117962f53ec8ee66c479

[2026-06-30T07:25:01.935Z] ALERT: hash_mismatch (INFO)
  Package: http://attacker:8080/packages/tampered.tgz
  Expected: deeaf0230de192d2a1c3e2e668f2935a6f63b86769ff490446b5c0448066950e, 5867b044bb0ff89ba3df28d409c7893208f5c948d79818f868697f04db87b17e
  Observed: 8bca3b447af10f653095cc20bff97256ca365136074271f3edc55b9264999bed

[2026-06-30T07:27:47.146Z] ALERT: hash_mismatch (INFO)
  Package: http://attacker:8080/packages/benign.tgz
  Expected: deeaf0230de192d2a1c3e2e668f2935a6f63b86769ff490446b5c0448066950e, 5867b044bb0ff89ba3df28d409c7893208f5c948d79818f868697f04db87b17e
  Observed: 3cba5f3c0ba2a50da17d70a9102a3db3ce1db1799351117962f53ec8ee66c479

[2026-06-30T07:27:47.484Z] ALERT: hash_mismatch (INFO)
  Package: http://attacker:8080/packages/tampered.tgz
  Expected: deeaf0230de192d2a1c3e2e668f2935a6f63b86769ff490446b5c0448066950e, 5867b044bb0ff89ba3df28d409c7893208f5c948d79818f868697f04db87b17e
  Observed: 8bca3b447af10f653095cc20bff97256ca365136074271f3edc55b9264999bed

