{"source":"integrity-checker","event":"hash_mismatch","package":"http://attacker:8080/packages/benign","expected":"BC1CCCEEA5EB59F68D970155E293657CD59988CBE8D59887EDF28DCE36CD0BFD","observed":"8bca3b447af10f653095cc20bff97256ca365136074271f3edc55b9264999bed","timestamp":"2026-06-29T15:01:51.491Z"}
{"source":"integrity-checker","event":"hash_mismatch","package":"http://attacker:8080/packages/benign","expected":"BC1CCCEEA5EB59F68D970155E293657CD59988CBE8D59887EDF28DCE36CD0BFD","observed":"8bca3b447af10f653095cc20bff97256ca365136074271f3edc55b9264999bed","timestamp":"2026-06-29T15:03:05.230Z"}
{"source":"integrity-checker","event":"hash_mismatch","package":"http://attacker:8080/packages/benign","expected":"BC1CCCEEA5EB59F68D970155E293657CD59988CBE8D59887EDF28DCE36CD0BFD","observed":"8bca3b447af10f653095cc20bff97256ca365136074271f3edc55b9264999bed","timestamp":"2026-06-29T15:53:44.622Z"}
{"source":"integrity-checker","event":"hash_mismatch","package":"http://attacker:8080/packages/benign","expected":"BC1CCCEEA5EB59F68D970155E293657CD59988CBE8D59887EDF28DCE36CD0BFD","observed":"8bca3b447af10f653095cc20bff97256ca365136074271f3edc55b9264999bed","timestamp":"2026-06-29T15:57:05.960Z"}
{"source":"integrity-checker","event":"hash_mismatch","package":"http://attacker:8080/packages/benign","expected":"BC1CCCEEA5EB59F68D970155E293657CD59988CBE8D59887EDF28DCE36CD0BFD","observed":"8bca3b447af10f653095cc20bff97256ca365136074271f3edc55b9264999bed","timestamp":"2026-06-29T15:58:27.023Z"}
{"source":"integrity-checker","event":"hash_mismatch","package":"http://attacker:8080/packages/benign","expected":"BC1CCCEEA5EB59F68D970155E293657CD59988CBE8D59887EDF28DCE36CD0BFD","observed":"8bca3b447af10f653095cc20bff97256ca365136074271f3edc55b9264999bed","timestamp":"2026-06-29T15:59:33.927Z"}
{"source":"integrity-checker","event":"hash_mismatch","package":"http://attacker:8080/packages/benign","expected":"BC1CCCEEA5EB59F68D970155E293657CD59988CBE8D59887EDF28DCE36CD0BFD","observed":"8bca3b447af10f653095cc20bff97256ca365136074271f3edc55b9264999bed","timestamp":"2026-06-29T16:02:04.105Z"}
{"source":"integrity-checker","event":"hash_mismatch","package":"http://attacker:8080/packages/benign","expected":"BC1CCCEEA5EB59F68D970155E293657CD59988CBE8D59887EDF28DCE36CD0BFD","observed":"8bca3b447af10f653095cc20bff97256ca365136074271f3edc55b9264999bed","timestamp":"2026-06-29T16:04:23.020Z"}
{"source":"integrity-checker","event":"hash_mismatch","package":"http://attacker:8080/packages/benign","expected":"bc1ccceea5eb59f68d970155e293657cd59988cbe8d59887edf28dce36cd0bfd","observed":"8bca3b447af10f653095cc20bff97256ca365136074271f3edc55b9264999bed","timestamp":"2026-06-29T16:06:55.543Z"}
{"source":"integrity-checker","event":"hash_mismatch","package":"http://attacker:8080/packages/benign","expected":"BC1CCCEEA5EB59F68D970155E293657CD59988CBE8D59887EDF28DCE36CD0BFD","observed":"8bca3b447af10f653095cc20bff97256ca365136074271f3edc55b9264999bed","timestamp":"2026-06-29T16:08:44.095Z"}
{"source":"integrity-checker","event":"hash_mismatch","package":"http://attacker:8080/packages/benign_v2.tgz","expected":"bc1ccceea5eb59f68d970155e293657cd59988cbe8d59887edf28dce36cd0bfd","observed":"dcc826a9f2d298b2f9b621d2b5cd40ec658ffb720c73ff12083592b8b8b7aa11","timestamp":"2026-06-29T16:20:10.689Z"}
{"source":"integrity-checker","event":"hash_mismatch","package":"http://attacker:8080/packages/benign_v2.tgz","expected":"bc1ccceea5eb59f68d970155e293657cd59988cbe8d59887edf28dce36cd0bfd","observed":"dcc826a9f2d298b2f9b621d2b5cd40ec658ffb720c73ff12083592b8b8b7aa11","timestamp":"2026-06-29T16:20:33.472Z"}
{"source":"integrity-checker","event":"hash_mismatch","package":"http://attacker:8080/packages/benign.tgz","expected":[""],"observed":"bc1ccceea5eb59f68d970155e293657cd59988cbe8d59887edf28dce36cd0bfd","timestamp":"2026-06-29T16:26:38.214Z"}
{"source":"integrity-checker","event":"hash_mismatch","package":"http://attacker:8080/packages/benign_v2.tgz","expected":[""],"observed":"dcc826a9f2d298b2f9b621d2b5cd40ec658ffb720c73ff12083592b8b8b7aa11","timestamp":"2026-06-29T16:26:38.633Z"}
{"source":"integrity-checker","event":"hash_mismatch","package":"http://attacker:8080/packages/benign.tgz","expected":[""],"observed":"bc1ccceea5eb59f68d970155e293657cd59988cbe8d59887edf28dce36cd0bfd","timestamp":"2026-06-29T16:29:13.414Z"}
{"source":"integrity-checker","event":"hash_mismatch","package":"http://attacker:8080/packages/benign_v2.tgz","expected":[""],"observed":"dcc826a9f2d298b2f9b621d2b5cd40ec658ffb720c73ff12083592b8b8b7aa11","timestamp":"2026-06-29T16:29:13.817Z"}
{"source":"integrity-checker","event":"hash_mismatch","package":"http://attacker:8080/packages/benign.tgz","expected":[""],"observed":"bc1ccceea5eb59f68d970155e293657cd59988cbe8d59887edf28dce36cd0bfd","timestamp":"2026-06-29T16:30:41.898Z"}
{"source":"integrity-checker","event":"hash_mismatch","package":"http://attacker:8080/packages/benign_v2.tgz","expected":[""],"observed":"dcc826a9f2d298b2f9b621d2b5cd40ec658ffb720c73ff12083592b8b8b7aa11","timestamp":"2026-06-29T16:30:42.320Z"}
{"source":"integrity-checker","event":"hash_mismatch","package":"http://attacker:8080/packages/benign.tgz","expected":[""],"observed":"bc1ccceea5eb59f68d970155e293657cd59988cbe8d59887edf28dce36cd0bfd","timestamp":"2026-06-29T16:33:26.127Z"}
{"source":"integrity-checker","event":"hash_mismatch","package":"http://attacker:8080/packages/benign_v2.tgz","expected":[""],"observed":"dcc826a9f2d298b2f9b621d2b5cd40ec658ffb720c73ff12083592b8b8b7aa11","timestamp":"2026-06-29T16:33:26.516Z"}
{"source":"integrity-checker","event":"hash_mismatch","package":"http://attacker:8080/packages/benign.tgz","expected":[""],"observed":"bc1ccceea5eb59f68d970155e293657cd59988cbe8d59887edf28dce36cd0bfd","timestamp":"2026-06-29T16:36:48.338Z"}
{"source":"integrity-checker","event":"hash_mismatch","package":"http://attacker:8080/packages/benign_v2.tgz","expected":[""],"observed":"dcc826a9f2d298b2f9b621d2b5cd40ec658ffb720c73ff12083592b8b8b7aa11","timestamp":"2026-06-29T16:36:48.728Z"}
